<?xml version="1.0" encoding="UTF-8"?>
<testng-results skipped="0" failed="0" total="1" passed="1">
  <reporter-output>
  </reporter-output>
  <suite name="Default suite" duration-ms="5315" started-at="2018-06-16T04:15:26Z" finished-at="2018-06-16T04:15:31Z">
    <groups>
    </groups>
    <test name="Default test" duration-ms="5315" started-at="2018-06-16T04:15:26Z" finished-at="2018-06-16T04:15:31Z">
      <class name="com.amdocs.RestAssuredDemoAmit.getPlaceNG">
        <test-method status="PASS" signature="getPlaceNG()[pri:0, instance:com.amdocs.RestAssuredDemoAmit.getPlaceNG@20e2cbe0]" name="getPlaceNG" duration-ms="5287" started-at="2018-06-15T23:15:26Z" finished-at="2018-06-15T23:15:31Z">
          <reporter-output>
          </reporter-output>
        </test-method> <!-- getPlaceNG -->
      </class> <!-- com.amdocs.RestAssuredDemoAmit.getPlaceNG -->
    </test> <!-- Default test -->
  </suite> <!-- Default suite -->
</testng-results>
